<?xml version="1.0" encoding="UTF-8"?>
<testsuite name="AuthorTest" tests="3" skipped="0" failures="0" errors="0" timestamp="2022-01-30T22:55:06" hostname="mengqis-mbp.lan" time="0.033">
  <properties/>
  <testcase name="getAddress()" classname="AuthorTest" time="0.029"/>
  <testcase name="getName()" classname="AuthorTest" time="0.001"/>
  <testcase name="getEmail()" classname="AuthorTest" time="0.001"/>
  <system-out><![CDATA[]]></system-out>
  <system-err><![CDATA[]]></system-err>
</testsuite>
